<?xml version="1.0" encoding="UTF-8"?>
<beans xmlns="http://www.springframework.org/schema/beans"
	xmlns:xsi="http://www.w3.org/2001/XMLSchema-instance" xmlns:context="http://www.springframework.org/schema/context"
	xmlns:jdbc="http://www.springframework.org/schema/jdbc" xmlns:tx="http://www.springframework.org/schema/tx"
	xmlns:task="http://www.springframework.org/schema/task" xmlns:util="http://www.springframework.org/schema/util"
	xsi:schemaLocation="http://www.springframework.org/schema/jdbc http://www.springframework.org/schema/jdbc/spring-jdbc-4.0.xsd
		http://www.springframework.org/schema/beans http://www.springframework.org/schema/beans/spring-beans-4.0.xsd
		http://www.springframework.org/schema/tx http://www.springframework.org/schema/tx/spring-tx-4.0.xsd
		http://www.springframework.org/schema/context http://www.springframework.org/schema/context/spring-context-4.0.xsd
		http://www.springframework.org/schema/task http://www.springframework.org/schema/task/spring-task-4.0.xsd
		http://www.springframework.org/schema/util http://www.springframework.org/schema/util/spring-util-4.0.xsd">
	<description>Media Library Core Module Test</description>
	<context:property-placeholder location="classpath:test-config.properties" />
	<bean id="imageFilter" class="com.maaryan.ml.store.MediaExtensionFilter">
		<constructor-arg name="extensions" value="${imageExtensions}" />
	</bean>
	<bean id="audioFilter" class="com.maaryan.ml.store.MediaExtensionFilter">
		<constructor-arg name="extensions" value="${audioExtensions}" />
	</bean>
	<bean id="videoFilter" class="com.maaryan.ml.store.MediaExtensionFilter">
		<constructor-arg name="extensions" value="${videoExtensions}" />
	</bean>

	<bean id="imageStorePath" class="java.nio.file.Paths"
		factory-method="get">
		<constructor-arg value="${mediaLibraryPath}/image" />
		<constructor-arg>
			<array />
		</constructor-arg>
	</bean>
	<bean id="audioStorePath" class="java.nio.file.Paths"
		factory-method="get">
		<constructor-arg value="${mediaLibraryPath}/audio" />
		<constructor-arg>
			<array />
		</constructor-arg>
	</bean>
	<bean id="videoStorePath" class="java.nio.file.Paths"
		factory-method="get">
		<constructor-arg value="${mediaLibraryPath}/video" />
		<constructor-arg>
			<array />
		</constructor-arg>
	</bean>
	<bean id="imageStore" class="com.maaryan.ml.store.MediaStore" init-method="initStore">
		<constructor-arg ref="imageStorePath" />
		<constructor-arg ref="imageFilter" />
	</bean>
	<bean id="audioStore" class="com.maaryan.ml.store.MediaStore" init-method="initStore">
		<constructor-arg ref="audioStorePath" />
		<constructor-arg ref="audioFilter" />
	</bean>
	<bean id="videoStore" class="com.maaryan.ml.store.MediaStore" init-method="initStore">
		<constructor-arg ref="videoStorePath" />
		<constructor-arg ref="videoFilter" />
	</bean>

	<context:component-scan base-package="com.maaryan.ml" />
</beans>
